# JRE version: Java(TM) SE Runtime Environment (8.0_201-b09) (build 1.8.0_201-b09)
# Java VM: Java HotSpot(TM) 64-Bit Server VM (25.201-b09 mixed mode windows-amd64 compressed oops)
Heap:
 PSYoungGen      total 250880K, used 71235K [0x00000000d7500000, 0x00000000ea000000, 0x0000000100000000)
  eden space 232448K, 27% used [0x00000000d7500000,0x00000000db355668,0x00000000e5800000)
  from space 18432K, 40% used [0x00000000e5800000,0x00000000e5f3b5c8,0x00000000e6a00000)
  to   space 17408K, 0% used [0x00000000e8f00000,0x00000000e8f00000,0x00000000ea000000)
 ParOldGen       total 129024K, used 33849K [0x0000000085e00000, 0x000000008dc00000, 0x00000000d7500000)
  object space 129024K, 26% used [0x0000000085e00000,0x0000000087f0e6d8,0x000000008dc00000)
 Metaspace       used 75503K, capacity 79049K, committed 79192K, reserved 1120256K
  class space    used 8622K, capacity 9277K, committed 9344K, reserved 1048576K
GC Heap History (10 events):
Event: 50.075 GC heap before
{Heap before GC invocations=26 (full 3):
 PSYoungGen      total 200192K, used 188928K [0x00000000d7500000, 0x00000000e4680000, 0x0000000100000000)
  eden space 188928K, 100% used [0x00000000d7500000,0x00000000e2d80000,0x00000000e2d80000)
  from space 11264K, 0% used [0x00000000e3b80000,0x00000000e3b80000,0x00000000e4680000)
  to   space 12800K, 0% used [0x00000000e2d80000,0x00000000e2d80000,0x00000000e3a00000)
 ParOldGen       total 129024K, used 24722K [0x0000000085e00000, 0x000000008dc00000, 0x00000000d7500000)
  object space 129024K, 19% used [0x0000000085e00000,0x00000000876249a0,0x000000008dc00000)
 Metaspace       used 61951K, capacity 65199K, committed 65496K, reserved 1107968K
  class space    used 7231K, capacity 7850K, committed 7936K, reserved 1048576K
Event: 50.087 GC heap after
Heap after GC invocations=26 (full 3):
 PSYoungGen      total 201728K, used 7610K [0x00000000d7500000, 0x00000000e5f00000, 0x0000000100000000)
  eden space 188928K, 0% used [0x00000000d7500000,0x00000000d7500000,0x00000000e2d80000)
  from space 12800K, 59% used [0x00000000e2d80000,0x00000000e34ee960,0x00000000e3a00000)
  to   space 12800K, 0% used [0x00000000e5280000,0x00000000e5280000,0x00000000e5f00000)
 ParOldGen       total 129024K, used 24730K [0x0000000085e00000, 0x000000008dc00000, 0x00000000d7500000)
  object space 129024K, 19% used [0x0000000085e00000,0x00000000876269a0,0x000000008dc00000)
 Metaspace       used 61951K, capacity 65199K, committed 65496K, reserved 1107968K
  class space    used 7231K, capacity 7850K, committed 7936K, reserved 1048576K
}
Event: 54.526 GC heap before
{Heap before GC invocations=27 (full 3):
 PSYoungGen      total 201728K, used 196538K [0x00000000d7500000, 0x00000000e5f00000, 0x0000000100000000)
  eden space 188928K, 100% used [0x00000000d7500000,0x00000000e2d80000,0x00000000e2d80000)
  from space 12800K, 59% used [0x00000000e2d80000,0x00000000e34ee960,0x00000000e3a00000)
  to   space 12800K, 0% used [0x00000000e5280000,0x00000000e5280000,0x00000000e5f00000)
 ParOldGen       total 129024K, used 24730K [0x0000000085e00000, 0x000000008dc00000, 0x00000000d7500000)
  object space 129024K, 19% used [0x0000000085e00000,0x00000000876269a0,0x000000008dc00000)
 Metaspace       used 66463K, capacity 69683K, committed 69976K, reserved 1112064K
  class space    used 7633K, capacity 8250K, committed 8320K, reserved 1048576K
Event: 54.542 GC heap after
Heap after GC invocations=27 (full 3):
 PSYoungGen      total 226304K, used 9004K [0x00000000d7500000, 0x00000000e6000000, 0x0000000100000000)
  eden space 213504K, 0% used [0x00000000d7500000,0x00000000d7500000,0x00000000e4580000)
  from space 12800K, 70% used [0x00000000e5280000,0x00000000e5b4b198,0x00000000e5f00000)
  to   space 13312K, 0% used [0x00000000e4580000,0x00000000e4580000,0x00000000e5280000)
 ParOldGen       total 129024K, used 24738K [0x0000000085e00000, 0x000000008dc00000, 0x00000000d7500000)
  object space 129024K, 19% used [0x0000000085e00000,0x00000000876289a0,0x000000008dc00000)
 Metaspace       used 66463K, capacity 69683K, committed 69976K, reserved 1112064K
  class space    used 7633K, capacity 8250K, committed 8320K, reserved 1048576K
}
Event: 59.418 GC heap before
{Heap before GC invocations=28 (full 3):
 PSYoungGen      total 226304K, used 222508K [0x00000000d7500000, 0x00000000e6000000, 0x0000000100000000)
  eden space 213504K, 100% used [0x00000000d7500000,0x00000000e4580000,0x00000000e4580000)
  from space 12800K, 70% used [0x00000000e5280000,0x00000000e5b4b198,0x00000000e5f00000)
  to   space 13312K, 0% used [0x00000000e4580000,0x00000000e4580000,0x00000000e5280000)
 ParOldGen       total 129024K, used 24738K [0x0000000085e00000, 0x000000008dc00000, 0x00000000d7500000)
  object space 129024K, 19% used [0x0000000085e00000,0x00000000876289a0,0x000000008dc00000)
 Metaspace       used 73009K, capacity 76437K, committed 76760K, reserved 1116160K
  class space    used 8454K, capacity 9097K, committed 9216K, reserved 1048576K
Event: 59.439 GC heap after
Heap after GC invocations=28 (full 3):
 PSYoungGen      total 226816K, used 13284K [0x00000000d7500000, 0x00000000e7900000, 0x0000000100000000)
  eden space 213504K, 0% used [0x00000000d7500000,0x00000000d7500000,0x00000000e4580000)
  from space 13312K, 99% used [0x00000000e4580000,0x00000000e52793d8,0x00000000e5280000)
  to   space 15360K, 0% used [0x00000000e6a00000,0x00000000e6a00000,0x00000000e7900000)
 ParOldGen       total 129024K, used 25205K [0x0000000085e00000, 0x000000008dc00000, 0x00000000d7500000)
  object space 129024K, 19% used [0x0000000085e00000,0x000000008769d4f0,0x000000008dc00000)
 Metaspace       used 73009K, capacity 76437K, committed 76760K, reserved 1116160K
  class space    used 8454K, capacity 9097K, committed 9216K, reserved 1048576K
}
Event: 64.984 GC heap before
{Heap before GC invocations=29 (full 3):
 PSYoungGen      total 226816K, used 226788K [0x00000000d7500000, 0x00000000e7900000, 0x0000000100000000)
  eden space 213504K, 100% used [0x00000000d7500000,0x00000000e4580000,0x00000000e4580000)
  from space 13312K, 99% used [0x00000000e4580000,0x00000000e52793d8,0x00000000e5280000)
  to   space 15360K, 0% used [0x00000000e6a00000,0x00000000e6a00000,0x00000000e7900000)
 ParOldGen       total 129024K, used 25205K [0x0000000085e00000, 0x000000008dc00000, 0x00000000d7500000)
  object space 129024K, 19% used [0x0000000085e00000,0x000000008769d4f0,0x000000008dc00000)
 Metaspace       used 74678K, capacity 78063K, committed 78424K, reserved 1118208K
  class space    used 8601K, capacity 9246K, committed 9344K, reserved 1048576K
Event: 65.177 GC heap after
Heap after GC invocations=29 (full 3):
 PSYoungGen      total 247808K, used 15337K [0x00000000d7500000, 0x00000000e8f80000, 0x0000000100000000)
  eden space 232448K, 0% used [0x00000000d7500000,0x00000000d7500000,0x00000000e5800000)
  from space 15360K, 99% used [0x00000000e6a00000,0x00000000e78fa750,0x00000000e7900000)
  to   space 18432K, 0% used [0x00000000e5800000,0x00000000e5800000,0x00000000e6a00000)
 ParOldGen       total 129024K, used 27857K [0x0000000085e00000, 0x000000008dc00000, 0x00000000d7500000)
  object space 129024K, 21% used [0x0000000085e00000,0x0000000087934708,0x000000008dc00000)
 Metaspace       used 74678K, capacity 78063K, committed 78424K, reserved 1118208K
  class space    used 8601K, capacity 9246K, committed 9344K, reserved 1048576K
}
Event: 72.297 GC heap before
{Heap before GC invocations=30 (full 3):
 PSYoungGen      total 247808K, used 247785K [0x00000000d7500000, 0x00000000e8f80000, 0x0000000100000000)
  eden space 232448K, 100% used [0x00000000d7500000,0x00000000e5800000,0x00000000e5800000)
  from space 15360K, 99% used [0x00000000e6a00000,0x00000000e78fa750,0x00000000e7900000)
  to   space 18432K, 0% used [0x00000000e5800000,0x00000000e5800000,0x00000000e6a00000)
 ParOldGen       total 129024K, used 27857K [0x0000000085e00000, 0x000000008dc00000, 0x00000000d7500000)
  object space 129024K, 21% used [0x0000000085e00000,0x0000000087934708,0x000000008dc00000)
 Metaspace       used 75333K, capacity 78831K, committed 78936K, reserved 1118208K
  class space    used 8614K, capacity 9264K, committed 9344K, reserved 1048576K
Event: 72.321 GC heap after
Heap after GC invocations=30 (full 3):
 PSYoungGen      total 250880K, used 7405K [0x00000000d7500000, 0x00000000ea000000, 0x0000000100000000)
  eden space 232448K, 0% used [0x00000000d7500000,0x00000000d7500000,0x00000000e5800000)
  from space 18432K, 40% used [0x00000000e5800000,0x00000000e5f3b5c8,0x00000000e6a00000)
  to   space 17408K, 0% used [0x00000000e8f00000,0x00000000e8f00000,0x00000000ea000000)
 ParOldGen       total 129024K, used 33849K [0x0000000085e00000, 0x000000008dc00000, 0x00000000d7500000)
  object space 129024K, 26% used [0x0000000085e00000,0x0000000087f0e6d8,0x000000008dc00000)
 Metaspace       used 75333K, capacity 78831K, committed 78936K, reserved 1118208K
  class space    used 8614K, capacity 9264K, committed 9344K, reserved 1048576K
}

